<?xml version="1.0" encoding="UTF-8"?>
<testsuite xmlns:xsi="http://www.w3.org/2001/XMLSchema-instance" xsi:noNamespaceSchemaLocation="https://maven.apache.org/surefire/maven-surefire-plugin/xsd/surefire-test-report.xsd" name="com.paypal.AppTest" time="0.1" tests="1" errors="0" skipped="0" failures="0">
  <properties>
    <property name="sun.desktop" value="windows"/>
    <property name="awt.toolkit" value="sun.awt.windows.WToolkit"/>
    <property name="file.encoding.pkg" value="sun.io"/>
    <property name="java.specification.version" value="1.8"/>
    <property name="sun.cpu.isalist" value="amd64"/>
    <property name="sun.jnu.encoding" value="Cp1252"/>
    <property name="java.class.path" value="C:\Users\WIN 10 PRO\webapppaypal\target\test-classes;C:\Users\WIN 10 PRO\webapppaypal\target\classes;C:\Users\WIN 10 PRO\.m2\repository\junit\junit\4.11\junit-4.11.jar;C:\Users\WIN 10 PRO\.m2\repository\org\hamcrest\hamcrest-core\1.3\hamcrest-core-1.3.jar;C:\Users\WIN 10 PRO\.m2\repository\de\pentabyte\google-static-map-creator\2.3.0\google-static-map-creator-2.3.0.jar;C:\Users\WIN 10 PRO\.m2\repository\org\apache\httpcomponents\httpclient\4.5\httpclient-4.5.jar;C:\Users\WIN 10 PRO\.m2\repository\org\apache\httpcomponents\httpcore\4.4.1\httpcore-4.4.1.jar;C:\Users\WIN 10 PRO\.m2\repository\commons-logging\commons-logging\1.2\commons-logging-1.2.jar;C:\Users\WIN 10 PRO\.m2\repository\commons-codec\commons-codec\1.9\commons-codec-1.9.jar;C:\Users\WIN 10 PRO\.m2\repository\org\apache\commons\commons-lang3\3.7\commons-lang3-3.7.jar;C:\Users\WIN 10 PRO\.m2\repository\net\lecousin\reactive-data-relational\postgres\0.8.0\postgres-0.8.0.jar;C:\Users\WIN 10 PRO\.m2\repository\net\lecousin\reactive-data-relational\core\0.8.0\core-0.8.0.jar;C:\Users\WIN 10 PRO\.m2\repository\org\springframework\boot\spring-boot-starter-data-r2dbc\2.6.1\spring-boot-starter-data-r2dbc-2.6.1.jar;C:\Users\WIN 10 PRO\.m2\repository\org\springframework\boot\spring-boot-starter\2.6.1\spring-boot-starter-2.6.1.jar;C:\Users\WIN 10 PRO\.m2\repository\org\springframework\boot\spring-boot\2.6.1\spring-boot-2.6.1.jar;C:\Users\WIN 10 PRO\.m2\repository\org\springframework\boot\spring-boot-autoconfigure\2.6.1\spring-boot-autoconfigure-2.6.1.jar;C:\Users\WIN 10 PRO\.m2\repository\org\springframework\boot\spring-boot-starter-logging\2.6.1\spring-boot-starter-logging-2.6.1.jar;C:\Users\WIN 10 PRO\.m2\repository\ch\qos\logback\logback-classic\1.2.7\logback-classic-1.2.7.jar;C:\Users\WIN 10 PRO\.m2\repository\ch\qos\logback\logback-core\1.2.7\logback-core-1.2.7.jar;C:\Users\WIN 10 PRO\.m2\repository\org\apache\logging\log4j\log4j-to-slf4j\2.14.1\log4j-to-slf4j-2.14.1.jar;C:\Users\WIN 10 PRO\.m2\repository\org\apache\logging\log4j\log4j-api\2.14.1\log4j-api-2.14.1.jar;C:\Users\WIN 10 PRO\.m2\repository\org\slf4j\jul-to-slf4j\1.7.32\jul-to-slf4j-1.7.32.jar;C:\Users\WIN 10 PRO\.m2\repository\jakarta\annotation\jakarta.annotation-api\1.3.5\jakarta.annotation-api-1.3.5.jar;C:\Users\WIN 10 PRO\.m2\repository\org\springframework\spring-core\5.3.13\spring-core-5.3.13.jar;C:\Users\WIN 10 PRO\.m2\repository\org\springframework\spring-jcl\5.3.13\spring-jcl-5.3.13.jar;C:\Users\WIN 10 PRO\.m2\repository\org\yaml\snakeyaml\1.29\snakeyaml-1.29.jar;C:\Users\WIN 10 PRO\.m2\repository\org\springframework\data\spring-data-r2dbc\1.4.0\spring-data-r2dbc-1.4.0.jar;C:\Users\WIN 10 PRO\.m2\repository\org\springframework\data\spring-data-commons\2.6.0\spring-data-commons-2.6.0.jar;C:\Users\WIN 10 PRO\.m2\repository\org\springframework\data\spring-data-relational\2.3.0\spring-data-relational-2.3.0.jar;C:\Users\WIN 10 PRO\.m2\repository\org\springframework\spring-r2dbc\5.3.13\spring-r2dbc-5.3.13.jar;C:\Users\WIN 10 PRO\.m2\repository\org\springframework\spring-tx\5.3.13\spring-tx-5.3.13.jar;C:\Users\WIN 10 PRO\.m2\repository\org\springframework\spring-context\5.3.13\spring-context-5.3.13.jar;C:\Users\WIN 10 PRO\.m2\repository\org\springframework\spring-aop\5.3.13\spring-aop-5.3.13.jar;C:\Users\WIN 10 PRO\.m2\repository\org\springframework\spring-expression\5.3.13\spring-expression-5.3.13.jar;C:\Users\WIN 10 PRO\.m2\repository\org\springframework\spring-beans\5.3.13\spring-beans-5.3.13.jar;C:\Users\WIN 10 PRO\.m2\repository\org\slf4j\slf4j-api\1.7.32\slf4j-api-1.7.32.jar;C:\Users\WIN 10 PRO\.m2\repository\io\r2dbc\r2dbc-pool\0.8.7.RELEASE\r2dbc-pool-0.8.7.RELEASE.jar;C:\Users\WIN 10 PRO\.m2\repository\io\projectreactor\addons\reactor-pool\0.1.11.RELEASE\reactor-pool-0.1.11.RELEASE.jar;C:\Users\WIN 10 PRO\.m2\repository\org\javassist\javassist\3.28.0-GA\javassist-3.28.0-GA.jar;C:\Users\WIN 10 PRO\.m2\repository\io\r2dbc\r2dbc-postgresql\0.8.10.RELEASE\r2dbc-postgresql-0.8.10.RELEASE.jar;C:\Users\WIN 10 PRO\.m2\repository\io\r2dbc\r2dbc-spi\0.8.6.RELEASE\r2dbc-spi-0.8.6.RELEASE.jar;C:\Users\WIN 10 PRO\.m2\repository\org\reactivestreams\reactive-streams\1.0.3\reactive-streams-1.0.3.jar;C:\Users\WIN 10 PRO\.m2\repository\com\ongres\scram\client\2.1\client-2.1.jar;C:\Users\WIN 10 PRO\.m2\repository\com\ongres\scram\common\2.1\common-2.1.jar;C:\Users\WIN 10 PRO\.m2\repository\com\ongres\stringprep\saslprep\1.1\saslprep-1.1.jar;C:\Users\WIN 10 PRO\.m2\repository\com\ongres\stringprep\stringprep\1.1\stringprep-1.1.jar;C:\Users\WIN 10 PRO\.m2\repository\io\projectreactor\reactor-core\3.3.20.RELEASE\reactor-core-3.3.20.RELEASE.jar;C:\Users\WIN 10 PRO\.m2\repository\io\projectreactor\netty\reactor-netty\0.9.23.RELEASE\reactor-netty-0.9.23.RELEASE.jar;C:\Users\WIN 10 PRO\.m2\repository\io\netty\netty-codec-http\4.1.68.Final\netty-codec-http-4.1.68.Final.jar;C:\Users\WIN 10 PRO\.m2\repository\io\netty\netty-common\4.1.68.Final\netty-common-4.1.68.Final.jar;C:\Users\WIN 10 PRO\.m2\repository\io\netty\netty-buffer\4.1.68.Final\netty-buffer-4.1.68.Final.jar;C:\Users\WIN 10 PRO\.m2\repository\io\netty\netty-transport\4.1.68.Final\netty-transport-4.1.68.Final.jar;C:\Users\WIN 10 PRO\.m2\repository\io\netty\netty-codec\4.1.68.Final\netty-codec-4.1.68.Final.jar;C:\Users\WIN 10 PRO\.m2\repository\io\netty\netty-codec-http2\4.1.68.Final\netty-codec-http2-4.1.68.Final.jar;C:\Users\WIN 10 PRO\.m2\repository\io\netty\netty-handler\4.1.68.Final\netty-handler-4.1.68.Final.jar;C:\Users\WIN 10 PRO\.m2\repository\io\netty\netty-resolver\4.1.68.Final\netty-resolver-4.1.68.Final.jar;C:\Users\WIN 10 PRO\.m2\repository\io\netty\netty-handler-proxy\4.1.68.Final\netty-handler-proxy-4.1.68.Final.jar;C:\Users\WIN 10 PRO\.m2\repository\io\netty\netty-codec-socks\4.1.68.Final\netty-codec-socks-4.1.68.Final.jar;C:\Users\WIN 10 PRO\.m2\repository\io\netty\netty-transport-native-epoll\4.1.68.Final\netty-transport-native-epoll-4.1.68.Final-linux-x86_64.jar;C:\Users\WIN 10 PRO\.m2\repository\io\netty\netty-transport-native-unix-common\4.1.68.Final\netty-transport-native-unix-common-4.1.68.Final.jar;"/>
    <property name="java.vm.vendor" value="Oracle Corporation"/>
    <property name="sun.arch.data.model" value="64"/>
    <property name="user.variant" value=""/>
    <property name="java.vendor.url" value="http://java.oracle.com/"/>
    <property name="user.timezone" value="Asia/Calcutta"/>
    <property name="java.vm.specification.version" value="1.8"/>
    <property name="os.name" value="Windows 10"/>
    <property name="user.country" value="US"/>
    <property name="sun.java.launcher" value="SUN_STANDARD"/>
    <property name="sun.boot.library.path" value="C:\Program Files\Java\jdk1.8.0_202\jre\bin"/>
    <property name="sun.java.command" value="C:\Users\WIN10P~1\AppData\Local\Temp\surefire6694902902826840045\surefirebooter3807422735504531119.jar C:\Users\WIN 10 PRO\AppData\Local\Temp\surefire6694902902826840045 2022-01-12T11-59-20_940-jvmRun1 surefire4666375506909244922tmp surefire_08914046882844176083tmp"/>
    <property name="surefire.test.class.path" value="C:\Users\WIN 10 PRO\webapppaypal\target\test-classes;C:\Users\WIN 10 PRO\webapppaypal\target\classes;C:\Users\WIN 10 PRO\.m2\repository\junit\junit\4.11\junit-4.11.jar;C:\Users\WIN 10 PRO\.m2\repository\org\hamcrest\hamcrest-core\1.3\hamcrest-core-1.3.jar;C:\Users\WIN 10 PRO\.m2\repository\de\pentabyte\google-static-map-creator\2.3.0\google-static-map-creator-2.3.0.jar;C:\Users\WIN 10 PRO\.m2\repository\org\apache\httpcomponents\httpclient\4.5\httpclient-4.5.jar;C:\Users\WIN 10 PRO\.m2\repository\org\apache\httpcomponents\httpcore\4.4.1\httpcore-4.4.1.jar;C:\Users\WIN 10 PRO\.m2\repository\commons-logging\commons-logging\1.2\commons-logging-1.2.jar;C:\Users\WIN 10 PRO\.m2\repository\commons-codec\commons-codec\1.9\commons-codec-1.9.jar;C:\Users\WIN 10 PRO\.m2\repository\org\apache\commons\commons-lang3\3.7\commons-lang3-3.7.jar;C:\Users\WIN 10 PRO\.m2\repository\net\lecousin\reactive-data-relational\postgres\0.8.0\postgres-0.8.0.jar;C:\Users\WIN 10 PRO\.m2\repository\net\lecousin\reactive-data-relational\core\0.8.0\core-0.8.0.jar;C:\Users\WIN 10 PRO\.m2\repository\org\springframework\boot\spring-boot-starter-data-r2dbc\2.6.1\spring-boot-starter-data-r2dbc-2.6.1.jar;C:\Users\WIN 10 PRO\.m2\repository\org\springframework\boot\spring-boot-starter\2.6.1\spring-boot-starter-2.6.1.jar;C:\Users\WIN 10 PRO\.m2\repository\org\springframework\boot\spring-boot\2.6.1\spring-boot-2.6.1.jar;C:\Users\WIN 10 PRO\.m2\repository\org\springframework\boot\spring-boot-autoconfigure\2.6.1\spring-boot-autoconfigure-2.6.1.jar;C:\Users\WIN 10 PRO\.m2\repository\org\springframework\boot\spring-boot-starter-logging\2.6.1\spring-boot-starter-logging-2.6.1.jar;C:\Users\WIN 10 PRO\.m2\repository\ch\qos\logback\logback-classic\1.2.7\logback-classic-1.2.7.jar;C:\Users\WIN 10 PRO\.m2\repository\ch\qos\logback\logback-core\1.2.7\logback-core-1.2.7.jar;C:\Users\WIN 10 PRO\.m2\repository\org\apache\logging\log4j\log4j-to-slf4j\2.14.1\log4j-to-slf4j-2.14.1.jar;C:\Users\WIN 10 PRO\.m2\repository\org\apache\logging\log4j\log4j-api\2.14.1\log4j-api-2.14.1.jar;C:\Users\WIN 10 PRO\.m2\repository\org\slf4j\jul-to-slf4j\1.7.32\jul-to-slf4j-1.7.32.jar;C:\Users\WIN 10 PRO\.m2\repository\jakarta\annotation\jakarta.annotation-api\1.3.5\jakarta.annotation-api-1.3.5.jar;C:\Users\WIN 10 PRO\.m2\repository\org\springframework\spring-core\5.3.13\spring-core-5.3.13.jar;C:\Users\WIN 10 PRO\.m2\repository\org\springframework\spring-jcl\5.3.13\spring-jcl-5.3.13.jar;C:\Users\WIN 10 PRO\.m2\repository\org\yaml\snakeyaml\1.29\snakeyaml-1.29.jar;C:\Users\WIN 10 PRO\.m2\repository\org\springframework\data\spring-data-r2dbc\1.4.0\spring-data-r2dbc-1.4.0.jar;C:\Users\WIN 10 PRO\.m2\repository\org\springframework\data\spring-data-commons\2.6.0\spring-data-commons-2.6.0.jar;C:\Users\WIN 10 PRO\.m2\repository\org\springframework\data\spring-data-relational\2.3.0\spring-data-relational-2.3.0.jar;C:\Users\WIN 10 PRO\.m2\repository\org\springframework\spring-r2dbc\5.3.13\spring-r2dbc-5.3.13.jar;C:\Users\WIN 10 PRO\.m2\repository\org\springframework\spring-tx\5.3.13\spring-tx-5.3.13.jar;C:\Users\WIN 10 PRO\.m2\repository\org\springframework\spring-context\5.3.13\spring-context-5.3.13.jar;C:\Users\WIN 10 PRO\.m2\repository\org\springframework\spring-aop\5.3.13\spring-aop-5.3.13.jar;C:\Users\WIN 10 PRO\.m2\repository\org\springframework\spring-expression\5.3.13\spring-expression-5.3.13.jar;C:\Users\WIN 10 PRO\.m2\repository\org\springframework\spring-beans\5.3.13\spring-beans-5.3.13.jar;C:\Users\WIN 10 PRO\.m2\repository\org\slf4j\slf4j-api\1.7.32\slf4j-api-1.7.32.jar;C:\Users\WIN 10 PRO\.m2\repository\io\r2dbc\r2dbc-pool\0.8.7.RELEASE\r2dbc-pool-0.8.7.RELEASE.jar;C:\Users\WIN 10 PRO\.m2\repository\io\projectreactor\addons\reactor-pool\0.1.11.RELEASE\reactor-pool-0.1.11.RELEASE.jar;C:\Users\WIN 10 PRO\.m2\repository\org\javassist\javassist\3.28.0-GA\javassist-3.28.0-GA.jar;C:\Users\WIN 10 PRO\.m2\repository\io\r2dbc\r2dbc-postgresql\0.8.10.RELEASE\r2dbc-postgresql-0.8.10.RELEASE.jar;C:\Users\WIN 10 PRO\.m2\repository\io\r2dbc\r2dbc-spi\0.8.6.RELEASE\r2dbc-spi-0.8.6.RELEASE.jar;C:\Users\WIN 10 PRO\.m2\repository\org\reactivestreams\reactive-streams\1.0.3\reactive-streams-1.0.3.jar;C:\Users\WIN 10 PRO\.m2\repository\com\ongres\scram\client\2.1\client-2.1.jar;C:\Users\WIN 10 PRO\.m2\repository\com\ongres\scram\common\2.1\common-2.1.jar;C:\Users\WIN 10 PRO\.m2\repository\com\ongres\stringprep\saslprep\1.1\saslprep-1.1.jar;C:\Users\WIN 10 PRO\.m2\repository\com\ongres\stringprep\stringprep\1.1\stringprep-1.1.jar;C:\Users\WIN 10 PRO\.m2\repository\io\projectreactor\reactor-core\3.3.20.RELEASE\reactor-core-3.3.20.RELEASE.jar;C:\Users\WIN 10 PRO\.m2\repository\io\projectreactor\netty\reactor-netty\0.9.23.RELEASE\reactor-netty-0.9.23.RELEASE.jar;C:\Users\WIN 10 PRO\.m2\repository\io\netty\netty-codec-http\4.1.68.Final\netty-codec-http-4.1.68.Final.jar;C:\Users\WIN 10 PRO\.m2\repository\io\netty\netty-common\4.1.68.Final\netty-common-4.1.68.Final.jar;C:\Users\WIN 10 PRO\.m2\repository\io\netty\netty-buffer\4.1.68.Final\netty-buffer-4.1.68.Final.jar;C:\Users\WIN 10 PRO\.m2\repository\io\netty\netty-transport\4.1.68.Final\netty-transport-4.1.68.Final.jar;C:\Users\WIN 10 PRO\.m2\repository\io\netty\netty-codec\4.1.68.Final\netty-codec-4.1.68.Final.jar;C:\Users\WIN 10 PRO\.m2\repository\io\netty\netty-codec-http2\4.1.68.Final\netty-codec-http2-4.1.68.Final.jar;C:\Users\WIN 10 PRO\.m2\repository\io\netty\netty-handler\4.1.68.Final\netty-handler-4.1.68.Final.jar;C:\Users\WIN 10 PRO\.m2\repository\io\netty\netty-resolver\4.1.68.Final\netty-resolver-4.1.68.Final.jar;C:\Users\WIN 10 PRO\.m2\repository\io\netty\netty-handler-proxy\4.1.68.Final\netty-handler-proxy-4.1.68.Final.jar;C:\Users\WIN 10 PRO\.m2\repository\io\netty\netty-codec-socks\4.1.68.Final\netty-codec-socks-4.1.68.Final.jar;C:\Users\WIN 10 PRO\.m2\repository\io\netty\netty-transport-native-epoll\4.1.68.Final\netty-transport-native-epoll-4.1.68.Final-linux-x86_64.jar;C:\Users\WIN 10 PRO\.m2\repository\io\netty\netty-transport-native-unix-common\4.1.68.Final\netty-transport-native-unix-common-4.1.68.Final.jar;"/>
    <property name="sun.cpu.endian" value="little"/>
    <property name="user.home" value="C:\Users\WIN 10 PRO"/>
    <property name="user.language" value="en"/>
    <property name="java.specification.vendor" value="Oracle Corporation"/>
    <property name="java.home" value="C:\Program Files\Java\jdk1.8.0_202\jre"/>
    <property name="basedir" value="C:\Users\WIN 10 PRO\webapppaypal"/>
    <property name="file.separator" value="\"/>
    <property name="line.separator" value="&#10;"/>
    <property name="java.vm.specification.vendor" value="Oracle Corporation"/>
    <property name="java.specification.name" value="Java Platform API Specification"/>
    <property name="java.awt.graphicsenv" value="sun.awt.Win32GraphicsEnvironment"/>
    <property name="surefire.real.class.path" value="C:\Users\WIN10P~1\AppData\Local\Temp\surefire6694902902826840045\surefirebooter3807422735504531119.jar"/>
    <property name="sun.boot.class.path" value="C:\Program Files\Java\jdk1.8.0_202\jre\lib\resources.jar;C:\Program Files\Java\jdk1.8.0_202\jre\lib\rt.jar;C:\Program Files\Java\jdk1.8.0_202\jre\lib\sunrsasign.jar;C:\Program Files\Java\jdk1.8.0_202\jre\lib\jsse.jar;C:\Program Files\Java\jdk1.8.0_202\jre\lib\jce.jar;C:\Program Files\Java\jdk1.8.0_202\jre\lib\charsets.jar;C:\Program Files\Java\jdk1.8.0_202\jre\lib\jfr.jar;C:\Program Files\Java\jdk1.8.0_202\jre\classes"/>
    <property name="user.script" value=""/>
    <property name="sun.management.compiler" value="HotSpot 64-Bit Tiered Compilers"/>
    <property name="java.runtime.version" value="1.8.0_202-b08"/>
    <property name="user.name" value="WIN 10 PRO"/>
    <property name="path.separator" value=";"/>
    <property name="os.version" value="10.0"/>
    <property name="java.endorsed.dirs" value="C:\Program Files\Java\jdk1.8.0_202\jre\lib\endorsed"/>
    <property name="java.runtime.name" value="Java(TM) SE Runtime Environment"/>
    <property name="file.encoding" value="Cp1252"/>
    <property name="java.vm.name" value="Java HotSpot(TM) 64-Bit Server VM"/>
    <property name="localRepository" value="C:\Users\WIN 10 PRO\.m2\repository"/>
    <property name="java.vendor.url.bug" value="http://bugreport.sun.com/bugreport/"/>
    <property name="java.io.tmpdir" value="C:\Users\WIN10P~1\AppData\Local\Temp\"/>
    <property name="java.version" value="1.8.0_202"/>
    <property name="user.dir" value="C:\Users\WIN 10 PRO\webapppaypal"/>
    <property name="os.arch" value="amd64"/>
    <property name="java.vm.specification.name" value="Java Virtual Machine Specification"/>
    <property name="java.awt.printerjob" value="sun.awt.windows.WPrinterJob"/>
    <property name="sun.os.patch.level" value=""/>
    <property name="java.library.path" value="C:\Program Files\Java\jdk1.8.0_202\jre\bin;C:\Windows\Sun\Java\bin;C:\Windows\system32;C:\Windows;C:\Program Files (x86)\Common Files\Oracle\Java\javapath;C:\Windows\system32;C:\Windows;C:\Windows\System32\Wbem;C:\Windows\System32\WindowsPowerShell\v1.0\;C:\Windows\System32\OpenSSH\;C:\Program Files\Amazon\AWSCLI\bin\;F:\;C:\Program Files\Amazon\AWSCLIV2\;C:\Program Files\Git\cmd;C:\Program Files\Java\jdk1.8.0_202\bin;C:\Users\WIN 10 PRO\Downloads\apache-maven-3.8.4\bin;C:\Users\WIN 10 PRO\AppData\Local\Microsoft\WindowsApps;;."/>
    <property name="java.vm.info" value="mixed mode"/>
    <property name="java.vendor" value="Oracle Corporation"/>
    <property name="java.vm.version" value="25.202-b08"/>
    <property name="java.ext.dirs" value="C:\Program Files\Java\jdk1.8.0_202\jre\lib\ext;C:\Windows\Sun\Java\lib\ext"/>
    <property name="sun.io.unicode.encoding" value="UnicodeLittle"/>
    <property name="java.class.version" value="52.0"/>
  </properties>
  <testcase name="shouldAnswerWithTrue" classname="com.paypal.AppTest" time="0"/>
</testsuite>